[0327/002143.852:ERROR:crash_report_database_win.cc(469)] failed to stat report
[0327/002143.872:ERROR:crash_report_database_win.cc(469)] failed to stat report
[0327/013249.483:ERROR:crash_report_database_win.cc(469)] failed to stat report
[0327/013249.483:ERROR:crash_report_database_win.cc(469)] failed to stat report
[0329/231529.744:ERROR:crash_report_database_win.cc(469)] failed to stat report
[0329/231529.744:ERROR:crash_report_database_win.cc(469)] failed to stat report
[0329/232529.747:ERROR:crash_report_database_win.cc(469)] failed to stat report
[0329/232529.747:ERROR:crash_report_database_win.cc(469)] failed to stat report
[0329/232529.748:ERROR:crash_report_database_win.cc(469)] failed to stat report
[0329/232529.748:ERROR:crash_report_database_win.cc(469)] failed to stat report
[0329/233029.745:ERROR:crash_report_database_win.cc(469)] failed to stat report
[0329/233029.746:ERROR:crash_report_database_win.cc(469)] failed to stat report
[0329/234529.747:ERROR:crash_report_database_win.cc(469)] failed to stat report
[0329/234529.748:ERROR:crash_report_database_win.cc(469)] failed to stat report
[0330/000029.749:ERROR:crash_report_database_win.cc(469)] failed to stat report
[0330/000029.750:ERROR:crash_report_database_win.cc(469)] failed to stat report
[0330/001529.751:ERROR:crash_report_database_win.cc(469)] failed to stat report
[0330/001529.751:ERROR:crash_report_database_win.cc(469)] failed to stat report
[0330/003029.762:ERROR:crash_report_database_win.cc(469)] failed to stat report
[0330/003029.764:ERROR:crash_report_database_win.cc(469)] failed to stat report
[0330/004529.765:ERROR:crash_report_database_win.cc(469)] failed to stat report
[0330/004529.765:ERROR:crash_report_database_win.cc(469)] failed to stat report
[0330/010029.919:ERROR:crash_report_database_win.cc(469)] failed to stat report
[0330/010029.922:ERROR:crash_report_database_win.cc(469)] failed to stat report
[0330/011402.196:ERROR:crash_report_database_win.cc(469)] failed to stat report
[0330/011402.196:ERROR:crash_report_database_win.cc(469)] failed to stat report
[0330/012402.197:ERROR:crash_report_database_win.cc(469)] failed to stat report
[0330/012402.197:ERROR:crash_report_database_win.cc(469)] failed to stat report
[0330/012402.197:ERROR:crash_report_database_win.cc(469)] failed to stat report
[0330/012402.197:ERROR:crash_report_database_win.cc(469)] failed to stat report
[0330/012754.059:ERROR:crash_report_database_win.cc(469)] failed to stat report
[0330/012754.074:ERROR:crash_report_database_win.cc(469)] failed to stat report
[0330/014024.670:ERROR:crash_report_database_win.cc(469)] failed to stat report
[0330/014024.670:ERROR:crash_report_database_win.cc(469)] failed to stat report
[0330/014025.001:ERROR:crash_report_database_win.cc(469)] failed to stat report
[0330/014025.001:ERROR:crash_report_database_win.cc(469)] failed to stat report
[0330/195519.889:ERROR:crash_report_database_win.cc(469)] failed to stat report
[0330/195519.905:ERROR:crash_report_database_win.cc(469)] failed to stat report
[0330/200519.892:ERROR:crash_report_database_win.cc(469)] failed to stat report
[0330/200519.892:ERROR:crash_report_database_win.cc(469)] failed to stat report
[0330/200519.892:ERROR:crash_report_database_win.cc(469)] failed to stat report
[0330/200519.892:ERROR:crash_report_database_win.cc(469)] failed to stat report
[0330/201019.907:ERROR:crash_report_database_win.cc(469)] failed to stat report
[0330/201019.908:ERROR:crash_report_database_win.cc(469)] failed to stat report
[0330/202519.909:ERROR:crash_report_database_win.cc(469)] failed to stat report
[0330/202519.909:ERROR:crash_report_database_win.cc(469)] failed to stat report
[0330/204019.924:ERROR:crash_report_database_win.cc(469)] failed to stat report
[0330/204019.924:ERROR:crash_report_database_win.cc(469)] failed to stat report
[0330/205519.960:ERROR:crash_report_database_win.cc(469)] failed to stat report
[0330/205519.975:ERROR:crash_report_database_win.cc(469)] failed to stat report
[0330/211019.978:ERROR:crash_report_database_win.cc(469)] failed to stat report
[0330/211019.979:ERROR:crash_report_database_win.cc(469)] failed to stat report
[0330/212519.981:ERROR:crash_report_database_win.cc(469)] failed to stat report
[0330/212519.982:ERROR:crash_report_database_win.cc(469)] failed to stat report
[0331/003652.136:ERROR:crash_report_database_win.cc(469)] failed to stat report
[0331/003652.152:ERROR:crash_report_database_win.cc(469)] failed to stat report
[0331/004652.168:ERROR:crash_report_database_win.cc(469)] failed to stat report
[0331/004652.168:ERROR:crash_report_database_win.cc(469)] failed to stat report
[0331/004652.168:ERROR:crash_report_database_win.cc(469)] failed to stat report
[0331/004652.168:ERROR:crash_report_database_win.cc(469)] failed to stat report
[0331/005152.158:ERROR:crash_report_database_win.cc(469)] failed to stat report
[0331/005152.158:ERROR:crash_report_database_win.cc(469)] failed to stat report
[0331/010652.169:ERROR:crash_report_database_win.cc(469)] failed to stat report
[0331/010652.169:ERROR:crash_report_database_win.cc(469)] failed to stat report
[0331/012152.170:ERROR:crash_report_database_win.cc(469)] failed to stat report
[0331/012152.170:ERROR:crash_report_database_win.cc(469)] failed to stat report
[0331/013652.173:ERROR:crash_report_database_win.cc(469)] failed to stat report
[0331/013652.174:ERROR:crash_report_database_win.cc(469)] failed to stat report
[0331/015152.177:ERROR:crash_report_database_win.cc(469)] failed to stat report
[0331/015152.177:ERROR:crash_report_database_win.cc(469)] failed to stat report
[0403/005818.889:ERROR:crash_report_database_win.cc(469)] failed to stat report
[0403/005818.920:ERROR:crash_report_database_win.cc(469)] failed to stat report
[0403/100412.401:ERROR:crash_report_database_win.cc(469)] failed to stat report
[0403/100412.401:ERROR:crash_report_database_win.cc(469)] failed to stat report
[0404/002555.137:ERROR:crash_report_database_win.cc(469)] failed to stat report
[0404/002555.137:ERROR:crash_report_database_win.cc(469)] failed to stat report
[0406/091755.799:ERROR:crash_report_database_win.cc(469)] failed to stat report
[0406/091755.799:ERROR:crash_report_database_win.cc(469)] failed to stat report
[0407/231650.996:ERROR:crash_report_database_win.cc(469)] failed to stat report
[0407/231651.116:ERROR:crash_report_database_win.cc(469)] failed to stat report
[0415/231814.009:ERROR:crash_report_database_win.cc(469)] failed to stat report
[0415/231814.009:ERROR:crash_report_database_win.cc(469)] failed to stat report
[0416/212354.284:ERROR:crash_report_database_win.cc(469)] failed to stat report
[0416/212354.312:ERROR:crash_report_database_win.cc(469)] failed to stat report
[0419/131127.043:ERROR:crash_report_database_win.cc(469)] failed to stat report
[0419/131127.043:ERROR:crash_report_database_win.cc(469)] failed to stat report
[0420/164138.009:ERROR:crash_report_database_win.cc(469)] failed to stat report
[0420/164138.089:ERROR:crash_report_database_win.cc(469)] failed to stat report
[0420/165138.011:ERROR:crash_report_database_win.cc(469)] failed to stat report
[0420/165138.011:ERROR:crash_report_database_win.cc(469)] failed to stat report
[0420/165138.011:ERROR:crash_report_database_win.cc(469)] failed to stat report
[0420/165138.011:ERROR:crash_report_database_win.cc(469)] failed to stat report
[0420/165638.091:ERROR:crash_report_database_win.cc(469)] failed to stat report
[0420/165638.091:ERROR:crash_report_database_win.cc(469)] failed to stat report
[0420/171138.097:ERROR:crash_report_database_win.cc(469)] failed to stat report
[0420/171138.097:ERROR:crash_report_database_win.cc(469)] failed to stat report
[0420/173037.875:ERROR:crash_report_database_win.cc(469)] failed to stat report
[0420/173037.875:ERROR:crash_report_database_win.cc(469)] failed to stat report
[0420/174537.880:ERROR:crash_report_database_win.cc(469)] failed to stat report
[0420/174537.880:ERROR:crash_report_database_win.cc(469)] failed to stat report
[0420/180037.883:ERROR:crash_report_database_win.cc(469)] failed to stat report
[0420/180037.883:ERROR:crash_report_database_win.cc(469)] failed to stat report
[0420/181537.899:ERROR:crash_report_database_win.cc(469)] failed to stat report
[0420/181537.903:ERROR:crash_report_database_win.cc(469)] failed to stat report
[0420/183037.922:ERROR:crash_report_database_win.cc(469)] failed to stat report
[0420/183037.922:ERROR:crash_report_database_win.cc(469)] failed to stat report
[0420/184537.926:ERROR:crash_report_database_win.cc(469)] failed to stat report
[0420/184537.927:ERROR:crash_report_database_win.cc(469)] failed to stat report
[0420/190037.928:ERROR:crash_report_database_win.cc(469)] failed to stat report
[0420/190037.928:ERROR:crash_report_database_win.cc(469)] failed to stat report
[0420/191537.931:ERROR:crash_report_database_win.cc(469)] failed to stat report
[0420/191537.931:ERROR:crash_report_database_win.cc(469)] failed to stat report
[0420/193037.941:ERROR:crash_report_database_win.cc(469)] failed to stat report
[0420/193037.941:ERROR:crash_report_database_win.cc(469)] failed to stat report
[0420/194537.951:ERROR:crash_report_database_win.cc(469)] failed to stat report
[0420/194537.951:ERROR:crash_report_database_win.cc(469)] failed to stat report
[0420/200037.954:ERROR:crash_report_database_win.cc(469)] failed to stat report
[0420/200037.954:ERROR:crash_report_database_win.cc(469)] failed to stat report
[0420/201537.955:ERROR:crash_report_database_win.cc(469)] failed to stat report
[0420/201537.955:ERROR:crash_report_database_win.cc(469)] failed to stat report
[0420/203037.960:ERROR:crash_report_database_win.cc(469)] failed to stat report
[0420/203037.961:ERROR:crash_report_database_win.cc(469)] failed to stat report
[0420/204537.966:ERROR:crash_report_database_win.cc(469)] failed to stat report
[0420/204537.966:ERROR:crash_report_database_win.cc(469)] failed to stat report
[0420/210037.973:ERROR:crash_report_database_win.cc(469)] failed to stat report
[0420/210037.973:ERROR:crash_report_database_win.cc(469)] failed to stat report
[0420/211537.976:ERROR:crash_report_database_win.cc(469)] failed to stat report
[0420/211537.976:ERROR:crash_report_database_win.cc(469)] failed to stat report
[0420/213259.983:ERROR:crash_report_database_win.cc(469)] failed to stat report
[0420/213259.983:ERROR:crash_report_database_win.cc(469)] failed to stat report
[0420/214759.998:ERROR:crash_report_database_win.cc(469)] failed to stat report
[0420/214759.998:ERROR:crash_report_database_win.cc(469)] failed to stat report
[0420/220300.001:ERROR:crash_report_database_win.cc(469)] failed to stat report
[0420/220300.001:ERROR:crash_report_database_win.cc(469)] failed to stat report
[0420/221800.021:ERROR:crash_report_database_win.cc(469)] failed to stat report
[0420/221800.021:ERROR:crash_report_database_win.cc(469)] failed to stat report
[0420/223300.869:ERROR:crash_report_database_win.cc(469)] failed to stat report
[0420/223300.869:ERROR:crash_report_database_win.cc(469)] failed to stat report
[0420/224800.888:ERROR:crash_report_database_win.cc(469)] failed to stat report
[0420/224800.890:ERROR:crash_report_database_win.cc(469)] failed to stat report
[0420/230300.893:ERROR:crash_report_database_win.cc(469)] failed to stat report
[0420/230300.893:ERROR:crash_report_database_win.cc(469)] failed to stat report
[0420/231800.906:ERROR:crash_report_database_win.cc(469)] failed to stat report
[0420/231800.906:ERROR:crash_report_database_win.cc(469)] failed to stat report
[0420/233300.909:ERROR:crash_report_database_win.cc(469)] failed to stat report
[0420/233300.909:ERROR:crash_report_database_win.cc(469)] failed to stat report
[0420/234800.911:ERROR:crash_report_database_win.cc(469)] failed to stat report
[0420/234800.911:ERROR:crash_report_database_win.cc(469)] failed to stat report
[0421/000300.912:ERROR:crash_report_database_win.cc(469)] failed to stat report
[0421/000300.912:ERROR:crash_report_database_win.cc(469)] failed to stat report
[0421/001800.912:ERROR:crash_report_database_win.cc(469)] failed to stat report
[0421/001800.912:ERROR:crash_report_database_win.cc(469)] failed to stat report
[0421/001832.743:ERROR:crash_report_database_win.cc(469)] failed to stat report
[0421/001832.743:ERROR:crash_report_database_win.cc(469)] failed to stat report
[0422/234303.482:ERROR:crash_report_database_win.cc(469)] failed to stat report
[0422/234303.514:ERROR:crash_report_database_win.cc(469)] failed to stat report
[0427/141144.507:ERROR:crash_report_database_win.cc(469)] failed to stat report
[0427/141144.569:ERROR:crash_report_database_win.cc(469)] failed to stat report
[0501/190242.811:ERROR:crash_report_database_win.cc(469)] failed to stat report
[0501/190242.827:ERROR:crash_report_database_win.cc(469)] failed to stat report
[0504/172056.882:ERROR:crash_report_database_win.cc(469)] failed to stat report
[0504/172056.960:ERROR:crash_report_database_win.cc(469)] failed to stat report
[0508/002249.207:ERROR:crash_report_database_win.cc(469)] failed to stat report
[0508/002249.267:ERROR:crash_report_database_win.cc(469)] failed to stat report
[0509/141639.719:ERROR:crash_report_database_win.cc(469)] failed to stat report
[0509/141639.719:ERROR:crash_report_database_win.cc(469)] failed to stat report
[0509/183340.432:ERROR:crash_report_database_win.cc(469)] failed to stat report
[0509/183340.432:ERROR:crash_report_database_win.cc(469)] failed to stat report
[0509/184340.439:ERROR:crash_report_database_win.cc(469)] failed to stat report
[0509/184340.439:ERROR:crash_report_database_win.cc(469)] failed to stat report
[0509/184340.439:ERROR:crash_report_database_win.cc(469)] failed to stat report
[0509/184340.443:ERROR:crash_report_database_win.cc(469)] failed to stat report
[0509/184840.434:ERROR:crash_report_database_win.cc(469)] failed to stat report
[0509/184840.434:ERROR:crash_report_database_win.cc(469)] failed to stat report
[0509/190340.435:ERROR:crash_report_database_win.cc(469)] failed to stat report
[0509/190340.435:ERROR:crash_report_database_win.cc(469)] failed to stat report
[0509/191840.451:ERROR:crash_report_database_win.cc(469)] failed to stat report
[0509/191840.452:ERROR:crash_report_database_win.cc(469)] failed to stat report
[0509/193340.469:ERROR:crash_report_database_win.cc(469)] failed to stat report
[0509/193340.469:ERROR:crash_report_database_win.cc(469)] failed to stat report
[0509/194840.470:ERROR:crash_report_database_win.cc(469)] failed to stat report
[0509/194840.470:ERROR:crash_report_database_win.cc(469)] failed to stat report
[0509/200340.478:ERROR:crash_report_database_win.cc(469)] failed to stat report
[0509/200340.478:ERROR:crash_report_database_win.cc(469)] failed to stat report
[0509/201840.497:ERROR:crash_report_database_win.cc(469)] failed to stat report
[0509/201840.497:ERROR:crash_report_database_win.cc(469)] failed to stat report
[0509/203340.498:ERROR:crash_report_database_win.cc(469)] failed to stat report
[0509/203340.498:ERROR:crash_report_database_win.cc(469)] failed to stat report
[0509/204840.500:ERROR:crash_report_database_win.cc(469)] failed to stat report
[0509/204840.501:ERROR:crash_report_database_win.cc(469)] failed to stat report
[0509/210340.515:ERROR:crash_report_database_win.cc(469)] failed to stat report
[0509/210340.515:ERROR:crash_report_database_win.cc(469)] failed to stat report
[0509/211840.520:ERROR:crash_report_database_win.cc(469)] failed to stat report
[0509/211840.520:ERROR:crash_report_database_win.cc(469)] failed to stat report
[0509/213340.527:ERROR:crash_report_database_win.cc(469)] failed to stat report
[0509/213340.527:ERROR:crash_report_database_win.cc(469)] failed to stat report
[0509/214840.598:ERROR:crash_report_database_win.cc(469)] failed to stat report
[0509/214840.598:ERROR:crash_report_database_win.cc(469)] failed to stat report
[0509/220113.350:ERROR:crash_report_database_win.cc(469)] failed to stat report
[0509/220113.350:ERROR:crash_report_database_win.cc(469)] failed to stat report
[0509/220340.602:ERROR:crash_report_database_win.cc(469)] failed to stat report
[0509/220340.602:ERROR:crash_report_database_win.cc(469)] failed to stat report
[0509/221840.609:ERROR:crash_report_database_win.cc(469)] failed to stat report
[0509/221840.609:ERROR:crash_report_database_win.cc(469)] failed to stat report
[0509/223340.610:ERROR:crash_report_database_win.cc(469)] failed to stat report
[0509/223340.614:ERROR:crash_report_database_win.cc(469)] failed to stat report
[0509/224840.616:ERROR:crash_report_database_win.cc(469)] failed to stat report
[0509/224840.616:ERROR:crash_report_database_win.cc(469)] failed to stat report
[0509/230340.621:ERROR:crash_report_database_win.cc(469)] failed to stat report
[0509/230340.622:ERROR:crash_report_database_win.cc(469)] failed to stat report
[0510/132915.935:ERROR:crash_report_database_win.cc(469)] failed to stat report
[0510/132915.998:ERROR:crash_report_database_win.cc(469)] failed to stat report
[0510/141713.111:ERROR:crash_report_database_win.cc(469)] failed to stat report
[0510/141713.127:ERROR:crash_report_database_win.cc(469)] failed to stat report
[0510/142713.121:ERROR:crash_report_database_win.cc(469)] failed to stat report
[0510/142713.121:ERROR:crash_report_database_win.cc(469)] failed to stat report
[0510/142713.121:ERROR:crash_report_database_win.cc(469)] failed to stat report
[0510/142713.121:ERROR:crash_report_database_win.cc(469)] failed to stat report
[0510/143213.135:ERROR:crash_report_database_win.cc(469)] failed to stat report
[0510/143213.135:ERROR:crash_report_database_win.cc(469)] failed to stat report
[0510/144713.136:ERROR:crash_report_database_win.cc(469)] failed to stat report
[0510/144713.136:ERROR:crash_report_database_win.cc(469)] failed to stat report
[0510/150213.149:ERROR:crash_report_database_win.cc(469)] failed to stat report
[0510/150213.149:ERROR:crash_report_database_win.cc(469)] failed to stat report
[0510/151713.213:ERROR:crash_report_database_win.cc(469)] failed to stat report
[0510/151713.213:ERROR:crash_report_database_win.cc(469)] failed to stat report
[0510/200200.186:ERROR:crash_report_database_win.cc(469)] failed to stat report
[0510/200200.187:ERROR:crash_report_database_win.cc(469)] failed to stat report
[0510/201700.203:ERROR:crash_report_database_win.cc(469)] failed to stat report
[0510/201700.203:ERROR:crash_report_database_win.cc(469)] failed to stat report
[0510/203200.206:ERROR:crash_report_database_win.cc(469)] failed to stat report
[0510/203200.206:ERROR:crash_report_database_win.cc(469)] failed to stat report
[0510/204700.215:ERROR:crash_report_database_win.cc(469)] failed to stat report
[0510/204700.216:ERROR:crash_report_database_win.cc(469)] failed to stat report
[0520/193526.255:ERROR:crash_report_database_win.cc(469)] failed to stat report
[0520/193526.317:ERROR:crash_report_database_win.cc(469)] failed to stat report
[0520/194526.430:ERROR:crash_report_database_win.cc(469)] failed to stat report
[0520/194526.430:ERROR:crash_report_database_win.cc(469)] failed to stat report
[0520/194526.431:ERROR:crash_report_database_win.cc(469)] failed to stat report
[0520/194526.431:ERROR:crash_report_database_win.cc(469)] failed to stat report
[0520/195026.441:ERROR:crash_report_database_win.cc(469)] failed to stat report
[0520/195026.441:ERROR:crash_report_database_win.cc(469)] failed to stat report
[0520/200526.461:ERROR:crash_report_database_win.cc(469)] failed to stat report
[0520/200526.461:ERROR:crash_report_database_win.cc(469)] failed to stat report
[0520/202026.558:ERROR:crash_report_database_win.cc(469)] failed to stat report
[0520/202026.569:ERROR:crash_report_database_win.cc(469)] failed to stat report
[0520/203526.574:ERROR:crash_report_database_win.cc(469)] failed to stat report
[0520/203526.574:ERROR:crash_report_database_win.cc(469)] failed to stat report
[0520/205026.580:ERROR:crash_report_database_win.cc(469)] failed to stat report
[0520/205026.585:ERROR:crash_report_database_win.cc(469)] failed to stat report
[0520/210526.591:ERROR:crash_report_database_win.cc(469)] failed to stat report
[0520/210526.591:ERROR:crash_report_database_win.cc(469)] failed to stat report
[0520/212026.827:ERROR:crash_report_database_win.cc(469)] failed to stat report
[0520/212026.827:ERROR:crash_report_database_win.cc(469)] failed to stat report
[0520/213526.830:ERROR:crash_report_database_win.cc(469)] failed to stat report
[0520/213526.831:ERROR:crash_report_database_win.cc(469)] failed to stat report
[0520/215026.925:ERROR:crash_report_database_win.cc(469)] failed to stat report
[0520/215026.925:ERROR:crash_report_database_win.cc(469)] failed to stat report
[0520/220526.954:ERROR:crash_report_database_win.cc(469)] failed to stat report
[0520/220526.955:ERROR:crash_report_database_win.cc(469)] failed to stat report
[0520/222026.969:ERROR:crash_report_database_win.cc(469)] failed to stat report
[0520/222026.972:ERROR:crash_report_database_win.cc(469)] failed to stat report
[0520/223526.973:ERROR:crash_report_database_win.cc(469)] failed to stat report
[0520/223526.973:ERROR:crash_report_database_win.cc(469)] failed to stat report
[0520/225027.066:ERROR:crash_report_database_win.cc(469)] failed to stat report
[0520/225027.068:ERROR:crash_report_database_win.cc(469)] failed to stat report
[0520/230527.070:ERROR:crash_report_database_win.cc(469)] failed to stat report
[0520/230527.070:ERROR:crash_report_database_win.cc(469)] failed to stat report
[0520/232027.082:ERROR:crash_report_database_win.cc(469)] failed to stat report
[0520/232027.083:ERROR:crash_report_database_win.cc(469)] failed to stat report
[0520/233527.086:ERROR:crash_report_database_win.cc(469)] failed to stat report
[0520/233527.087:ERROR:crash_report_database_win.cc(469)] failed to stat report
[0520/234754.526:ERROR:process_reader_win.cc(123)] NtOpenThread: {Access Denied} A process has requested access to an object, but has not been granted those access rights. (0xc0000022)
[0520/234754.526:ERROR:exception_snapshot_win.cc(98)] thread ID 14040 not found in process
[0527/195243.630:ERROR:crash_report_database_win.cc(469)] failed to stat report
[0527/195243.761:ERROR:crash_report_database_win.cc(469)] failed to stat report
[0527/200243.722:ERROR:crash_report_database_win.cc(469)] failed to stat report
[0527/200243.722:ERROR:crash_report_database_win.cc(469)] failed to stat report
[0527/200243.723:ERROR:crash_report_database_win.cc(469)] failed to stat report
[0527/200243.723:ERROR:crash_report_database_win.cc(469)] failed to stat report
[0527/200744.264:ERROR:crash_report_database_win.cc(469)] failed to stat report
[0527/200744.264:ERROR:crash_report_database_win.cc(469)] failed to stat report
[0527/202244.409:ERROR:crash_report_database_win.cc(469)] failed to stat report
[0527/202244.409:ERROR:crash_report_database_win.cc(469)] failed to stat report
[0527/203744.410:ERROR:crash_report_database_win.cc(469)] failed to stat report
[0527/203744.411:ERROR:crash_report_database_win.cc(469)] failed to stat report
[0527/205244.423:ERROR:crash_report_database_win.cc(469)] failed to stat report
[0527/205244.424:ERROR:crash_report_database_win.cc(469)] failed to stat report
[0527/210744.459:ERROR:crash_report_database_win.cc(469)] failed to stat report
[0527/210744.459:ERROR:crash_report_database_win.cc(469)] failed to stat report
[0527/212244.734:ERROR:crash_report_database_win.cc(469)] failed to stat report
[0527/212244.735:ERROR:crash_report_database_win.cc(469)] failed to stat report
[0527/213744.797:ERROR:crash_report_database_win.cc(469)] failed to stat report
[0527/213744.797:ERROR:crash_report_database_win.cc(469)] failed to stat report
[0527/215245.012:ERROR:crash_report_database_win.cc(469)] failed to stat report
[0527/215245.013:ERROR:crash_report_database_win.cc(469)] failed to stat report
[0527/220745.015:ERROR:crash_report_database_win.cc(469)] failed to stat report
[0527/220745.015:ERROR:crash_report_database_win.cc(469)] failed to stat report
[0527/222245.026:ERROR:crash_report_database_win.cc(469)] failed to stat report
[0527/222245.026:ERROR:crash_report_database_win.cc(469)] failed to stat report
[0527/223745.028:ERROR:crash_report_database_win.cc(469)] failed to stat report
[0527/223745.032:ERROR:crash_report_database_win.cc(469)] failed to stat report
[0527/225245.064:ERROR:crash_report_database_win.cc(469)] failed to stat report
[0527/225245.071:ERROR:crash_report_database_win.cc(469)] failed to stat report
[0527/230745.171:ERROR:crash_report_database_win.cc(469)] failed to stat report
[0527/230745.171:ERROR:crash_report_database_win.cc(469)] failed to stat report
[0528/000037.807:ERROR:crash_report_database_win.cc(469)] failed to stat report
[0528/000037.807:ERROR:crash_report_database_win.cc(469)] failed to stat report
[0530/215546.123:ERROR:crash_report_database_win.cc(469)] failed to stat report
[0530/215546.125:ERROR:crash_report_database_win.cc(469)] failed to stat report
[0530/220546.126:ERROR:crash_report_database_win.cc(469)] failed to stat report
[0530/220546.127:ERROR:crash_report_database_win.cc(469)] failed to stat report
[0530/220546.127:ERROR:crash_report_database_win.cc(469)] failed to stat report
[0530/220546.127:ERROR:crash_report_database_win.cc(469)] failed to stat report
[0530/221046.126:ERROR:crash_report_database_win.cc(469)] failed to stat report
[0530/221046.126:ERROR:crash_report_database_win.cc(469)] failed to stat report
[0530/222546.128:ERROR:crash_report_database_win.cc(469)] failed to stat report
[0530/222546.128:ERROR:crash_report_database_win.cc(469)] failed to stat report
[0530/224046.133:ERROR:crash_report_database_win.cc(469)] failed to stat report
[0530/224046.133:ERROR:crash_report_database_win.cc(469)] failed to stat report
[0530/225546.148:ERROR:crash_report_database_win.cc(469)] failed to stat report
[0530/225546.148:ERROR:crash_report_database_win.cc(469)] failed to stat report
[0530/231046.167:ERROR:crash_report_database_win.cc(469)] failed to stat report
[0530/231046.167:ERROR:crash_report_database_win.cc(469)] failed to stat report
[0530/232546.171:ERROR:crash_report_database_win.cc(469)] failed to stat report
[0530/232546.172:ERROR:crash_report_database_win.cc(469)] failed to stat report
[0530/234046.218:ERROR:crash_report_database_win.cc(469)] failed to stat report
[0530/234046.218:ERROR:crash_report_database_win.cc(469)] failed to stat report
[0603/121721.282:ERROR:settings.cc(320)] Settings magic is not 1129342067
[0603/121721.376:ERROR:crash_report_database_win.cc(469)] failed to stat report
[0603/121721.376:ERROR:crash_report_database_win.cc(469)] failed to stat report
[0603/122721.377:ERROR:crash_report_database_win.cc(469)] failed to stat report
[0603/122721.378:ERROR:crash_report_database_win.cc(469)] failed to stat report
[0603/122721.378:ERROR:crash_report_database_win.cc(469)] failed to stat report
[0603/122721.378:ERROR:crash_report_database_win.cc(469)] failed to stat report
[0603/123221.378:ERROR:crash_report_database_win.cc(469)] failed to stat report
[0603/123221.379:ERROR:crash_report_database_win.cc(469)] failed to stat report
[0603/124721.438:ERROR:crash_report_database_win.cc(469)] failed to stat report
[0603/124721.438:ERROR:crash_report_database_win.cc(469)] failed to stat report
[0603/130221.509:ERROR:crash_report_database_win.cc(469)] failed to stat report
[0603/130221.509:ERROR:crash_report_database_win.cc(469)] failed to stat report
[0603/131721.511:ERROR:crash_report_database_win.cc(469)] failed to stat report
[0603/131721.512:ERROR:crash_report_database_win.cc(469)] failed to stat report
[0603/133221.597:ERROR:crash_report_database_win.cc(469)] failed to stat report
[0603/133221.598:ERROR:crash_report_database_win.cc(469)] failed to stat report
[0603/134721.603:ERROR:crash_report_database_win.cc(469)] failed to stat report
[0603/134721.604:ERROR:crash_report_database_win.cc(469)] failed to stat report
[0603/140221.605:ERROR:crash_report_database_win.cc(469)] failed to stat report
[0603/140221.605:ERROR:crash_report_database_win.cc(469)] failed to stat report
[0603/141721.620:ERROR:crash_report_database_win.cc(469)] failed to stat report
[0603/141721.621:ERROR:crash_report_database_win.cc(469)] failed to stat report
[0603/143221.634:ERROR:crash_report_database_win.cc(469)] failed to stat report
[0603/143221.634:ERROR:crash_report_database_win.cc(469)] failed to stat report
[0603/144721.645:ERROR:crash_report_database_win.cc(469)] failed to stat report
[0603/144721.645:ERROR:crash_report_database_win.cc(469)] failed to stat report
[0603/150221.647:ERROR:crash_report_database_win.cc(469)] failed to stat report
[0603/150221.647:ERROR:crash_report_database_win.cc(469)] failed to stat report
[0603/151721.649:ERROR:crash_report_database_win.cc(469)] failed to stat report
[0603/151721.649:ERROR:crash_report_database_win.cc(469)] failed to stat report
[0603/153221.650:ERROR:crash_report_database_win.cc(469)] failed to stat report
[0603/153221.666:ERROR:crash_report_database_win.cc(469)] failed to stat report
[0603/154721.668:ERROR:crash_report_database_win.cc(469)] failed to stat report
[0603/154721.668:ERROR:crash_report_database_win.cc(469)] failed to stat report
[0603/160221.672:ERROR:crash_report_database_win.cc(469)] failed to stat report
[0603/160221.673:ERROR:crash_report_database_win.cc(469)] failed to stat report
[0603/161721.689:ERROR:crash_report_database_win.cc(469)] failed to stat report
[0603/161721.689:ERROR:crash_report_database_win.cc(469)] failed to stat report
[0603/163221.695:ERROR:crash_report_database_win.cc(469)] failed to stat report
[0603/163221.695:ERROR:crash_report_database_win.cc(469)] failed to stat report
[0603/164721.696:ERROR:crash_report_database_win.cc(469)] failed to stat report
[0603/164721.696:ERROR:crash_report_database_win.cc(469)] failed to stat report
[0603/170221.699:ERROR:crash_report_database_win.cc(469)] failed to stat report
[0603/170221.699:ERROR:crash_report_database_win.cc(469)] failed to stat report
[0607/175426.502:ERROR:crash_report_database_win.cc(469)] failed to stat report
[0607/175426.503:ERROR:crash_report_database_win.cc(469)] failed to stat report
[0610/002956.921:ERROR:crash_report_database_win.cc(469)] failed to stat report
[0610/002956.937:ERROR:crash_report_database_win.cc(469)] failed to stat report
[0610/192759.995:ERROR:crash_report_database_win.cc(469)] failed to stat report
[0610/192759.996:ERROR:crash_report_database_win.cc(469)] failed to stat report
[0612/201523.762:ERROR:crash_report_database_win.cc(469)] failed to stat report
[0612/201523.785:ERROR:crash_report_database_win.cc(469)] failed to stat report
[0613/191458.023:ERROR:crash_report_database_win.cc(469)] failed to stat report
[0613/191458.023:ERROR:crash_report_database_win.cc(469)] failed to stat report
[1023/202354.496:ERROR:crash_report_database_win.cc(498)] failed to stat report
[1023/202354.527:ERROR:crash_report_database_win.cc(498)] failed to stat report
[1025/002524.994:ERROR:directory_reader_win.cc(43)] FindFirstFile: The system cannot find the path specified. (0x3)
